2026-01-30 21:52:05 - INFO - 程序开始运行
2026-01-30 21:52:05 - INFO - 开始处理数据...
2026-01-30 21:52:06 - WARNING - 遇到特殊情况
2026-01-30 21:52:06 - INFO - 数据处理完成
2026-01-30 21:52:06 - INFO - 程序结束
2026-01-30 22:46:56 - INFO - 程序开始运行
2026-01-30 22:47:00 - INFO - 程序结束
2026-01-30 22:49:47 - INFO - 程序开始运行
2026-01-30 22:49:51 - INFO - final relative error:
2026-01-30 22:49:52 - INFO - 程序结束
2026-01-30 22:58:43 - INFO - 程序开始运行
2026-01-30 22:58:47 - INFO - final relative error:
2026-01-30 22:58:47 - INFO - 程序结束
2026-01-30 22:59:52 - INFO - 程序开始运行
2026-01-30 22:59:56 - INFO - final relative error:
2026-01-30 22:59:56 - INFO - relative error of T = 0.0005588941946668195
2026-01-30 22:59:56 - INFO - 程序结束
2026-01-30 23:01:51 - INFO - 程序开始运行
2026-01-30 23:01:55 - INFO - final relative error:
2026-01-30 23:01:55 - INFO - relative error of T = 0.0005588941946668195
2026-01-30 23:01:55 - INFO - relative error of t = 0.0005604490048643266
2026-01-30 23:01:55 - INFO - relative error of x = 0.00013319541163401286
2026-01-30 23:01:55 - INFO - relative error of y = 0.0001796245090649202
2026-01-30 23:01:55 - INFO - relative error of w = 0.0003300820096242151
2026-01-30 23:01:55 - INFO - relative error of p = 0.0004586709990725703
2026-01-30 23:01:55 - INFO - relative error of fs = 0.0004333130932979771
2026-01-30 23:01:55 - INFO - relative error of fl = 0.00044874352663793756
2026-01-30 23:01:55 - INFO - relative error of rhob = 0.0003563948580352336
2026-01-30 23:01:55 - INFO - 程序结束
2026-01-31 07:55:28 - INFO - 程序开始运行
2026-01-31 07:55:31 - INFO - final relative error:
2026-01-31 07:55:31 - INFO - relative error of T = 0.0005588941946668195
2026-01-31 07:55:31 - INFO - relative error of t = 0.0005604490048643266
2026-01-31 07:55:31 - INFO - relative error of x = 0.00013319541163401286
2026-01-31 07:55:31 - INFO - relative error of y = 0.0001796245090649202
2026-01-31 07:55:31 - INFO - relative error of w = 0.0003300820096242151
2026-01-31 07:55:31 - INFO - relative error of p = 0.0004586709990725703
2026-01-31 07:55:31 - INFO - relative error of fs = 0.0004333130932979771
2026-01-31 07:55:31 - INFO - relative error of fl = 0.00044874352663793756
2026-01-31 07:55:31 - INFO - relative error of rhob = 0.0003563948580352336
2026-01-31 07:55:32 - INFO - 程序结束
